[1218/131808.012:ERROR:process_reader_win.cc(123)] NtOpenThread: {Access Denied} A process has requested access to an object, but has not been granted those access rights. (0xc0000022)
[1218/131808.012:ERROR:exception_snapshot_win.cc(99)] thread ID 2952 not found in process
[1218/131808.033:ERROR:process_reader_win.cc(123)] NtOpenThread: {Access Denied} A process has requested access to an object, but has not been granted those access rights. (0xc0000022)
[1218/131808.033:ERROR:exception_snapshot_win.cc(99)] thread ID 13172 not found in process
[1218/132205.664:ERROR:process_reader_win.cc(123)] NtOpenThread: {Access Denied} A process has requested access to an object, but has not been granted those access rights. (0xc0000022)
[1218/132205.665:ERROR:exception_snapshot_win.cc(99)] thread ID 8672 not found in process
[1218/132205.688:ERROR:process_reader_win.cc(123)] NtOpenThread: {Access Denied} A process has requested access to an object, but has not been granted those access rights. (0xc0000022)
[1218/132205.688:ERROR:exception_snapshot_win.cc(99)] thread ID 12036 not found in process
[1218/133113.055:ERROR:process_reader_win.cc(123)] NtOpenThread: {Access Denied} A process has requested access to an object, but has not been granted those access rights. (0xc0000022)
[1218/133113.056:ERROR:exception_snapshot_win.cc(99)] thread ID 6824 not found in process
[1218/133113.078:ERROR:process_reader_win.cc(123)] NtOpenThread: {Access Denied} A process has requested access to an object, but has not been granted those access rights. (0xc0000022)
[1218/133113.078:ERROR:exception_snapshot_win.cc(99)] thread ID 14872 not found in process
[1218/175606.899:ERROR:process_reader_win.cc(123)] NtOpenThread: {Access Denied} A process has requested access to an object, but has not been granted those access rights. (0xc0000022)
[1218/175606.900:ERROR:exception_snapshot_win.cc(99)] thread ID 472 not found in process
[1218/175606.899:ERROR:process_reader_win.cc(123)] NtOpenThread: {Access Denied} A process has requested access to an object, but has not been granted those access rights. (0xc0000022)
[1218/175606.900:ERROR:exception_snapshot_win.cc(99)] thread ID 13748 not found in process
[1218/175606.899:ERROR:process_reader_win.cc(123)] NtOpenThread: {Access Denied} A process has requested access to an object, but has not been granted those access rights. (0xc0000022)
[1218/175606.900:ERROR:exception_snapshot_win.cc(99)] thread ID 7180 not found in process
[1218/175606.899:ERROR:process_reader_win.cc(123)] NtOpenThread: {Access Denied} A process has requested access to an object, but has not been granted those access rights. (0xc0000022)
[1218/175606.899:ERROR:process_reader_win.cc(123)] NtOpenThread: {Access Denied} A process has requested access to an object, but has not been granted those access rights. (0xc0000022)
[1218/175606.900:ERROR:exception_snapshot_win.cc(99)] thread ID 13516 not found in process
[1218/175606.900:ERROR:exception_snapshot_win.cc(99)] thread ID 18380 not found in process
[1218/175606.939:ERROR:process_reader_win.cc(123)] NtOpenThread: {Access Denied} A process has requested access to an object, but has not been granted those access rights. (0xc0000022)
[1218/175606.939:ERROR:process_reader_win.cc(123)] NtOpenThread: {Access Denied} A process has requested access to an object, but has not been granted those access rights. (0xc0000022)
[1218/175606.939:ERROR:process_reader_win.cc(123)] NtOpenThread: {Access Denied} A process has requested access to an object, but has not been granted those access rights. (0xc0000022)
[1218/175606.939:ERROR:process_reader_win.cc(123)] NtOpenThread: {Access Denied} A process has requested access to an object, but has not been granted those access rights. (0xc0000022)
[1218/175606.939:ERROR:process_reader_win.cc(123)] NtOpenThread: {Access Denied} A process has requested access to an object, but has not been granted those access rights. (0xc0000022)
[1218/175606.939:ERROR:exception_snapshot_win.cc(99)] thread ID 17636 not found in process
[1218/175606.939:ERROR:exception_snapshot_win.cc(99)] thread ID 17900 not found in process
[1218/175606.939:ERROR:exception_snapshot_win.cc(99)] thread ID 13432 not found in process
[1218/175606.939:ERROR:exception_snapshot_win.cc(99)] thread ID 16052 not found in process
[1218/175606.939:ERROR:exception_snapshot_win.cc(99)] thread ID 2668 not found in process
[1218/175857.891:ERROR:process_reader_win.cc(123)] NtOpenThread: {Access Denied} A process has requested access to an object, but has not been granted those access rights. (0xc0000022)
[1218/175857.891:ERROR:process_reader_win.cc(123)] NtOpenThread: {Access Denied} A process has requested access to an object, but has not been granted those access rights. (0xc0000022)
[1218/175857.892:ERROR:exception_snapshot_win.cc(99)] thread ID 1848 not found in process
[1218/175857.891:ERROR:process_reader_win.cc(123)] NtOpenThread: {Access Denied} A process has requested access to an object, but has not been granted those access rights. (0xc0000022)
[1218/175857.892:ERROR:exception_snapshot_win.cc(99)] thread ID 2404 not found in process
[1218/175857.892:ERROR:exception_snapshot_win.cc(99)] thread ID 11056 not found in process
[1218/175857.928:ERROR:process_reader_win.cc(123)] NtOpenThread: {Access Denied} A process has requested access to an object, but has not been granted those access rights. (0xc0000022)
[1218/175857.928:ERROR:process_reader_win.cc(123)] NtOpenThread: {Access Denied} A process has requested access to an object, but has not been granted those access rights. (0xc0000022)
[1218/175857.928:ERROR:process_reader_win.cc(123)] NtOpenThread: {Access Denied} A process has requested access to an object, but has not been granted those access rights. (0xc0000022)
[1218/175857.928:ERROR:exception_snapshot_win.cc(99)] thread ID 7880 not found in process
[1218/175857.928:ERROR:exception_snapshot_win.cc(99)] thread ID 5724 not found in process
[1218/175857.928:ERROR:exception_snapshot_win.cc(99)] thread ID 16524 not found in process
[1218/180432.467:ERROR:process_reader_win.cc(123)] NtOpenThread: {Access Denied} A process has requested access to an object, but has not been granted those access rights. (0xc0000022)
[1218/180432.467:ERROR:process_reader_win.cc(123)] NtOpenThread: {Access Denied} A process has requested access to an object, but has not been granted those access rights. (0xc0000022)
[1218/180432.467:ERROR:exception_snapshot_win.cc(99)] thread ID 5064 not found in process
[1218/180432.467:ERROR:exception_snapshot_win.cc(99)] thread ID 17240 not found in process
[1218/180432.467:ERROR:process_reader_win.cc(123)] NtOpenThread: {Access Denied} A process has requested access to an object, but has not been granted those access rights. (0xc0000022)
[1218/180432.468:ERROR:exception_snapshot_win.cc(99)] thread ID 13372 not found in process
[1218/180432.500:ERROR:process_reader_win.cc(123)] NtOpenThread: {Access Denied} A process has requested access to an object, but has not been granted those access rights. (0xc0000022)
[1218/180432.500:ERROR:process_reader_win.cc(123)] NtOpenThread: {Access Denied} A process has requested access to an object, but has not been granted those access rights. (0xc0000022)
[1218/180432.500:ERROR:exception_snapshot_win.cc(99)] thread ID 17768 not found in process
[1218/180432.500:ERROR:exception_snapshot_win.cc(99)] thread ID 16296 not found in process
[1218/180432.501:ERROR:process_reader_win.cc(123)] NtOpenThread: {Access Denied} A process has requested access to an object, but has not been granted those access rights. (0xc0000022)
[1218/180432.501:ERROR:exception_snapshot_win.cc(99)] thread ID 10048 not found in process
[1218/181749.025:ERROR:process_reader_win.cc(123)] NtOpenThread: {Access Denied} A process has requested access to an object, but has not been granted those access rights. (0xc0000022)
[1218/181749.025:ERROR:exception_snapshot_win.cc(99)] thread ID 2360 not found in process
[1218/181749.048:ERROR:process_reader_win.cc(123)] NtOpenThread: {Access Denied} A process has requested access to an object, but has not been granted those access rights. (0xc0000022)
[1218/181749.049:ERROR:exception_snapshot_win.cc(99)] thread ID 18028 not found in process
[1218/181955.956:ERROR:process_reader_win.cc(123)] NtOpenThread: {Access Denied} A process has requested access to an object, but has not been granted those access rights. (0xc0000022)
[1218/181955.956:ERROR:exception_snapshot_win.cc(99)] thread ID 10164 not found in process
[1218/181955.978:ERROR:process_reader_win.cc(123)] NtOpenThread: {Access Denied} A process has requested access to an object, but has not been granted those access rights. (0xc0000022)
[1218/181955.978:ERROR:exception_snapshot_win.cc(99)] thread ID 7936 not found in process
[1218/182314.140:ERROR:process_reader_win.cc(123)] NtOpenThread: {Access Denied} A process has requested access to an object, but has not been granted those access rights. (0xc0000022)
[1218/182314.140:ERROR:exception_snapshot_win.cc(99)] thread ID 14872 not found in process
[1218/182314.165:ERROR:process_reader_win.cc(123)] NtOpenThread: {Access Denied} A process has requested access to an object, but has not been granted those access rights. (0xc0000022)
[1218/182314.165:ERROR:exception_snapshot_win.cc(99)] thread ID 17960 not found in process
[1218/183728.583:ERROR:directory_reader_win.cc(43)] FindFirstFile: The system cannot find the path specified. (0x3)
[1219/172005.806:ERROR:process_reader_win.cc(123)] NtOpenThread: {Access Denied} A process has requested access to an object, but has not been granted those access rights. (0xc0000022)
[1219/172005.806:ERROR:process_reader_win.cc(123)] NtOpenThread: {Access Denied} A process has requested access to an object, but has not been granted those access rights. (0xc0000022)
[1219/172005.807:ERROR:exception_snapshot_win.cc(99)] thread ID 19364 not found in process
[1219/172005.806:ERROR:process_reader_win.cc(123)] NtOpenThread: {Access Denied} A process has requested access to an object, but has not been granted those access rights. (0xc0000022)
[1219/172005.807:ERROR:exception_snapshot_win.cc(99)] thread ID 6220 not found in process
[1219/172005.807:ERROR:exception_snapshot_win.cc(99)] thread ID 16708 not found in process
[1219/172005.841:ERROR:process_reader_win.cc(123)] NtOpenThread: {Access Denied} A process has requested access to an object, but has not been granted those access rights. (0xc0000022)
[1219/172005.841:ERROR:process_reader_win.cc(123)] NtOpenThread: {Access Denied} A process has requested access to an object, but has not been granted those access rights. (0xc0000022)
[1219/172005.841:ERROR:process_reader_win.cc(123)] NtOpenThread: {Access Denied} A process has requested access to an object, but has not been granted those access rights. (0xc0000022)
[1219/172005.841:ERROR:exception_snapshot_win.cc(99)] thread ID 16136 not found in process
[1219/172005.841:ERROR:exception_snapshot_win.cc(99)] thread ID 18260 not found in process
[1219/172005.841:ERROR:exception_snapshot_win.cc(99)] thread ID 8232 not found in process
[1219/172333.317:ERROR:process_reader_win.cc(123)] NtOpenThread: {Access Denied} A process has requested access to an object, but has not been granted those access rights. (0xc0000022)
[1219/172333.318:ERROR:exception_snapshot_win.cc(99)] thread ID 6876 not found in process
[1219/172333.317:ERROR:process_reader_win.cc(123)] NtOpenThread: {Access Denied} A process has requested access to an object, but has not been granted those access rights. (0xc0000022)
[1219/172333.318:ERROR:exception_snapshot_win.cc(99)] thread ID 18232 not found in process
[1219/172333.317:ERROR:process_reader_win.cc(123)] NtOpenThread: {Access Denied} A process has requested access to an object, but has not been granted those access rights. (0xc0000022)
[1219/172333.317:ERROR:process_reader_win.cc(123)] NtOpenThread: {Access Denied} A process has requested access to an object, but has not been granted those access rights. (0xc0000022)
[1219/172333.318:ERROR:exception_snapshot_win.cc(99)] thread ID 10852 not found in process
[1219/172333.317:ERROR:process_reader_win.cc(123)] NtOpenThread: {Access Denied} A process has requested access to an object, but has not been granted those access rights. (0xc0000022)
[1219/172333.318:ERROR:exception_snapshot_win.cc(99)] thread ID 9012 not found in process
[1219/172333.318:ERROR:exception_snapshot_win.cc(99)] thread ID 13976 not found in process
[1219/172333.359:ERROR:process_reader_win.cc(123)] NtOpenThread: {Access Denied} A process has requested access to an object, but has not been granted those access rights. (0xc0000022)
[1219/172333.359:ERROR:process_reader_win.cc(123)] NtOpenThread: {Access Denied} A process has requested access to an object, but has not been granted those access rights. (0xc0000022)
[1219/172333.359:ERROR:process_reader_win.cc(123)] NtOpenThread: {Access Denied} A process has requested access to an object, but has not been granted those access rights. (0xc0000022)
[1219/172333.359:ERROR:exception_snapshot_win.cc(99)] thread ID 14484 not found in process
[1219/172333.359:ERROR:exception_snapshot_win.cc(99)] thread ID 5960 not found in process
[1219/172333.359:ERROR:exception_snapshot_win.cc(99)] thread ID 16184 not found in process
[1219/172333.359:ERROR:process_reader_win.cc(123)] NtOpenThread: {Access Denied} A process has requested access to an object, but has not been granted those access rights. (0xc0000022)
[1219/172333.359:ERROR:process_reader_win.cc(123)] NtOpenThread: {Access Denied} A process has requested access to an object, but has not been granted those access rights. (0xc0000022)
[1219/172333.359:ERROR:exception_snapshot_win.cc(99)] thread ID 17240 not found in process
[1219/172333.359:ERROR:exception_snapshot_win.cc(99)] thread ID 5020 not found in process
[1219/172654.831:ERROR:process_reader_win.cc(123)] NtOpenThread: {Access Denied} A process has requested access to an object, but has not been granted those access rights. (0xc0000022)
[1219/172654.832:ERROR:exception_snapshot_win.cc(99)] thread ID 7432 not found in process
[1219/172654.854:ERROR:process_reader_win.cc(123)] NtOpenThread: {Access Denied} A process has requested access to an object, but has not been granted those access rights. (0xc0000022)
[1219/172654.855:ERROR:exception_snapshot_win.cc(99)] thread ID 19136 not found in process
[1219/175648.941:ERROR:process_reader_win.cc(123)] NtOpenThread: {Access Denied} A process has requested access to an object, but has not been granted those access rights. (0xc0000022)
[1219/175648.941:ERROR:exception_snapshot_win.cc(99)] thread ID 18156 not found in process
[1219/175648.954:ERROR:process_reader_win.cc(123)] NtOpenThread: {Access Denied} A process has requested access to an object, but has not been granted those access rights. (0xc0000022)
[1219/175648.954:ERROR:exception_snapshot_win.cc(99)] thread ID 18600 not found in process
[1219/175648.976:ERROR:process_reader_win.cc(123)] NtOpenThread: {Access Denied} A process has requested access to an object, but has not been granted those access rights. (0xc0000022)
[1219/175648.976:ERROR:exception_snapshot_win.cc(99)] thread ID 9804 not found in process
[1219/175703.993:ERROR:process_reader_win.cc(123)] NtOpenThread: {Access Denied} A process has requested access to an object, but has not been granted those access rights. (0xc0000022)
[1219/175703.994:ERROR:exception_snapshot_win.cc(99)] thread ID 16464 not found in process
[1219/175704.006:ERROR:process_reader_win.cc(123)] NtOpenThread: {Access Denied} A process has requested access to an object, but has not been granted those access rights. (0xc0000022)
[1219/175704.006:ERROR:exception_snapshot_win.cc(99)] thread ID 7188 not found in process
[1219/175704.028:ERROR:process_reader_win.cc(123)] NtOpenThread: {Access Denied} A process has requested access to an object, but has not been granted those access rights. (0xc0000022)
[1219/175704.028:ERROR:exception_snapshot_win.cc(99)] thread ID 12476 not found in process
[1219/180358.252:ERROR:process_reader_win.cc(123)] NtOpenThread: {Access Denied} A process has requested access to an object, but has not been granted those access rights. (0xc0000022)
[1219/180358.252:ERROR:process_reader_win.cc(123)] NtOpenThread: {Access Denied} A process has requested access to an object, but has not been granted those access rights. (0xc0000022)
[1219/180358.253:ERROR:exception_snapshot_win.cc(99)] thread ID 15284 not found in process
[1219/180358.252:ERROR:process_reader_win.cc(123)] NtOpenThread: {Access Denied} A process has requested access to an object, but has not been granted those access rights. (0xc0000022)
[1219/180358.253:ERROR:exception_snapshot_win.cc(99)] thread ID 15708 not found in process
[1219/180358.253:ERROR:exception_snapshot_win.cc(99)] thread ID 17776 not found in process
[1219/180358.285:ERROR:process_reader_win.cc(123)] NtOpenThread: {Access Denied} A process has requested access to an object, but has not been granted those access rights. (0xc0000022)
[1219/180358.285:ERROR:process_reader_win.cc(123)] NtOpenThread: {Access Denied} A process has requested access to an object, but has not been granted those access rights. (0xc0000022)
[1219/180358.285:ERROR:process_reader_win.cc(123)] NtOpenThread: {Access Denied} A process has requested access to an object, but has not been granted those access rights. (0xc0000022)
[1219/180358.285:ERROR:exception_snapshot_win.cc(99)] thread ID 16260 not found in process
[1219/180358.285:ERROR:exception_snapshot_win.cc(99)] thread ID 8768 not found in process
[1219/180358.285:ERROR:exception_snapshot_win.cc(99)] thread ID 9252 not found in process
[1219/181155.525:ERROR:process_reader_win.cc(123)] NtOpenThread: {Access Denied} A process has requested access to an object, but has not been granted those access rights. (0xc0000022)
[1219/181155.526:ERROR:exception_snapshot_win.cc(99)] thread ID 17204 not found in process
[1219/181155.525:ERROR:process_reader_win.cc(123)] NtOpenThread: {Access Denied} A process has requested access to an object, but has not been granted those access rights. (0xc0000022)
[1219/181155.526:ERROR:exception_snapshot_win.cc(99)] thread ID 5540 not found in process
[1219/181155.541:ERROR:process_reader_win.cc(123)] NtOpenThread: {Access Denied} A process has requested access to an object, but has not been granted those access rights. (0xc0000022)
[1219/181155.541:ERROR:exception_snapshot_win.cc(99)] thread ID 17996 not found in process
[1219/181155.557:ERROR:process_reader_win.cc(123)] NtOpenThread: {Access Denied} A process has requested access to an object, but has not been granted those access rights. (0xc0000022)
[1219/181155.557:ERROR:exception_snapshot_win.cc(99)] thread ID 15336 not found in process
[1219/181155.567:ERROR:process_reader_win.cc(123)] NtOpenThread: {Access Denied} A process has requested access to an object, but has not been granted those access rights. (0xc0000022)
[1219/181155.567:ERROR:exception_snapshot_win.cc(99)] thread ID 10536 not found in process
[1219/181730.988:ERROR:process_reader_win.cc(123)] NtOpenThread: {Access Denied} A process has requested access to an object, but has not been granted those access rights. (0xc0000022)
[1219/181730.989:ERROR:exception_snapshot_win.cc(99)] thread ID 2220 not found in process
[1219/181730.988:ERROR:process_reader_win.cc(123)] NtOpenThread: {Access Denied} A process has requested access to an object, but has not been granted those access rights. (0xc0000022)
[1219/181730.989:ERROR:exception_snapshot_win.cc(99)] thread ID 17848 not found in process
[1219/181731.018:ERROR:process_reader_win.cc(123)] NtOpenThread: {Access Denied} A process has requested access to an object, but has not been granted those access rights. (0xc0000022)
[1219/181731.018:ERROR:exception_snapshot_win.cc(99)] thread ID 14932 not found in process
[1219/181731.018:ERROR:process_reader_win.cc(123)] NtOpenThread: {Access Denied} A process has requested access to an object, but has not been granted those access rights. (0xc0000022)
[1219/181731.018:ERROR:exception_snapshot_win.cc(99)] thread ID 14032 not found in process
[1219/182934.983:ERROR:directory_reader_win.cc(43)] FindFirstFile: The system cannot find the path specified. (0x3)
[1219/183623.108:ERROR:process_reader_win.cc(123)] NtOpenThread: {Access Denied} A process has requested access to an object, but has not been granted those access rights. (0xc0000022)
[1219/183623.108:ERROR:exception_snapshot_win.cc(99)] thread ID 2316 not found in process
[1219/183623.112:ERROR:process_reader_win.cc(123)] NtOpenThread: {Access Denied} A process has requested access to an object, but has not been granted those access rights. (0xc0000022)
[1219/183623.112:ERROR:exception_snapshot_win.cc(99)] thread ID 19988 not found in process
[1219/183623.141:ERROR:process_reader_win.cc(123)] NtOpenThread: {Access Denied} A process has requested access to an object, but has not been granted those access rights. (0xc0000022)
[1219/183623.141:ERROR:exception_snapshot_win.cc(99)] thread ID 14852 not found in process
[1219/183623.179:ERROR:process_reader_win.cc(123)] NtOpenThread: {Access Denied} A process has requested access to an object, but has not been granted those access rights. (0xc0000022)
[1219/183623.179:ERROR:exception_snapshot_win.cc(99)] thread ID 14764 not found in process
[1219/185126.736:ERROR:directory_reader_win.cc(43)] FindFirstFile: The system cannot find the path specified. (0x3)
[1219/185408.261:ERROR:process_reader_win.cc(123)] NtOpenThread: {Access Denied} A process has requested access to an object, but has not been granted those access rights. (0xc0000022)
[1219/185408.262:ERROR:exception_snapshot_win.cc(99)] thread ID 15516 not found in process
[1219/185408.261:ERROR:process_reader_win.cc(123)] NtOpenThread: {Access Denied} A process has requested access to an object, but has not been granted those access rights. (0xc0000022)
[1219/185408.262:ERROR:exception_snapshot_win.cc(99)] thread ID 18096 not found in process
[1219/185408.261:ERROR:process_reader_win.cc(123)] NtOpenThread: {Access Denied} A process has requested access to an object, but has not been granted those access rights. (0xc0000022)
[1219/185408.262:ERROR:exception_snapshot_win.cc(99)] thread ID 6544 not found in process
[1219/185408.261:ERROR:process_reader_win.cc(123)] NtOpenThread: {Access Denied} A process has requested access to an object, but has not been granted those access rights. (0xc0000022)
[1219/185408.262:ERROR:exception_snapshot_win.cc(99)] thread ID 20380 not found in process
[1219/185408.261:ERROR:process_reader_win.cc(123)] NtOpenThread: {Access Denied} A process has requested access to an object, but has not been granted those access rights. (0xc0000022)
[1219/185408.263:ERROR:exception_snapshot_win.cc(99)] thread ID 17248 not found in process
[1219/185408.306:ERROR:process_reader_win.cc(123)] NtOpenThread: {Access Denied} A process has requested access to an object, but has not been granted those access rights. (0xc0000022)
[1219/185408.306:ERROR:process_reader_win.cc(123)] NtOpenThread: {Access Denied} A process has requested access to an object, but has not been granted those access rights. (0xc0000022)
[1219/185408.306:ERROR:exception_snapshot_win.cc(99)] thread ID 16896 not found in process
[1219/185408.306:ERROR:process_reader_win.cc(123)] NtOpenThread: {Access Denied} A process has requested access to an object, but has not been granted those access rights. (0xc0000022)
[1219/185408.306:ERROR:process_reader_win.cc(123)] NtOpenThread: {Access Denied} A process has requested access to an object, but has not been granted those access rights. (0xc0000022)
[1219/185408.306:ERROR:exception_snapshot_win.cc(99)] thread ID 17480 not found in process
[1219/185408.306:ERROR:exception_snapshot_win.cc(99)] thread ID 9504 not found in process
[1219/185408.306:ERROR:process_reader_win.cc(123)] NtOpenThread: {Access Denied} A process has requested access to an object, but has not been granted those access rights. (0xc0000022)
[1219/185408.306:ERROR:exception_snapshot_win.cc(99)] thread ID 9024 not found in process
[1219/185408.306:ERROR:exception_snapshot_win.cc(99)] thread ID 17500 not found in process
[1220/181354.285:ERROR:process_reader_win.cc(123)] NtOpenThread: {Access Denied} A process has requested access to an object, but has not been granted those access rights. (0xc0000022)
[1220/181354.286:ERROR:exception_snapshot_win.cc(99)] thread ID 6092 not found in process
[1220/181354.310:ERROR:process_reader_win.cc(123)] NtOpenThread: {Access Denied} A process has requested access to an object, but has not been granted those access rights. (0xc0000022)
[1220/181354.310:ERROR:exception_snapshot_win.cc(99)] thread ID 5224 not found in process
[1220/182117.993:ERROR:process_reader_win.cc(123)] NtOpenThread: {Access Denied} A process has requested access to an object, but has not been granted those access rights. (0xc0000022)
[1220/182117.993:ERROR:process_reader_win.cc(123)] NtOpenThread: {Access Denied} A process has requested access to an object, but has not been granted those access rights. (0xc0000022)
[1220/182117.994:ERROR:exception_snapshot_win.cc(99)] thread ID 6904 not found in process
[1220/182117.993:ERROR:process_reader_win.cc(123)] NtOpenThread: {Access Denied} A process has requested access to an object, but has not been granted those access rights. (0xc0000022)
[1220/182117.994:ERROR:exception_snapshot_win.cc(99)] thread ID 4668 not found in process
[1220/182117.994:ERROR:exception_snapshot_win.cc(99)] thread ID 11428 not found in process
[1220/182118.026:ERROR:process_reader_win.cc(123)] NtOpenThread: {Access Denied} A process has requested access to an object, but has not been granted those access rights. (0xc0000022)
[1220/182118.026:ERROR:process_reader_win.cc(123)] NtOpenThread: {Access Denied} A process has requested access to an object, but has not been granted those access rights. (0xc0000022)
[1220/182118.026:ERROR:exception_snapshot_win.cc(99)] thread ID 13928 not found in process
[1220/182118.026:ERROR:exception_snapshot_win.cc(99)] thread ID 5588 not found in process
[1220/182118.027:ERROR:process_reader_win.cc(123)] NtOpenThread: {Access Denied} A process has requested access to an object, but has not been granted those access rights. (0xc0000022)
[1220/182118.027:ERROR:exception_snapshot_win.cc(99)] thread ID 9480 not found in process
[1220/182649.189:ERROR:process_reader_win.cc(123)] NtOpenThread: {Access Denied} A process has requested access to an object, but has not been granted those access rights. (0xc0000022)
[1220/182649.189:ERROR:exception_snapshot_win.cc(99)] thread ID 11588 not found in process
[1220/182649.211:ERROR:process_reader_win.cc(123)] NtOpenThread: {Access Denied} A process has requested access to an object, but has not been granted those access rights. (0xc0000022)
[1220/182649.212:ERROR:exception_snapshot_win.cc(99)] thread ID 12212 not found in process
[0102/171609.713:ERROR:process_reader_win.cc(123)] NtOpenThread: {Access Denied} A process has requested access to an object, but has not been granted those access rights. (0xc0000022)
[0102/171609.714:ERROR:exception_snapshot_win.cc(99)] thread ID 3420 not found in process
[0102/171609.734:ERROR:process_reader_win.cc(123)] NtOpenThread: {Access Denied} A process has requested access to an object, but has not been granted those access rights. (0xc0000022)
[0102/171609.734:ERROR:exception_snapshot_win.cc(99)] thread ID 9804 not found in process
[0105/213617.345:ERROR:directory_reader_win.cc(43)] FindFirstFile: The system cannot find the path specified. (0x3)
[0105/213952.306:ERROR:directory_reader_win.cc(43)] FindFirstFile: The system cannot find the path specified. (0x3)
[0105/214719.529:ERROR:process_reader_win.cc(123)] NtOpenThread: {Access Denied} A process has requested access to an object, but has not been granted those access rights. (0xc0000022)
[0105/214719.530:ERROR:exception_snapshot_win.cc(99)] thread ID 7144 not found in process
[0105/214719.529:ERROR:process_reader_win.cc(123)] NtOpenThread: {Access Denied} A process has requested access to an object, but has not been granted those access rights. (0xc0000022)
[0105/214719.530:ERROR:exception_snapshot_win.cc(99)] thread ID 4312 not found in process
[0105/214719.531:ERROR:process_reader_win.cc(123)] NtOpenThread: {Access Denied} A process has requested access to an object, but has not been granted those access rights. (0xc0000022)
[0105/214719.531:ERROR:exception_snapshot_win.cc(99)] thread ID 7996 not found in process
[0105/214719.531:ERROR:process_reader_win.cc(123)] NtOpenThread: {Access Denied} A process has requested access to an object, but has not been granted those access rights. (0xc0000022)
[0105/214719.531:ERROR:exception_snapshot_win.cc(99)] thread ID 15740 not found in process
[0105/214719.531:ERROR:process_reader_win.cc(123)] NtOpenThread: {Access Denied} A process has requested access to an object, but has not been granted those access rights. (0xc0000022)
[0105/214719.532:ERROR:exception_snapshot_win.cc(99)] thread ID 4140 not found in process
[0105/214719.546:ERROR:process_reader_win.cc(123)] NtOpenThread: {Access Denied} A process has requested access to an object, but has not been granted those access rights. (0xc0000022)
[0105/214719.546:ERROR:exception_snapshot_win.cc(99)] thread ID 7404 not found in process
[0105/214719.570:ERROR:process_reader_win.cc(123)] NtOpenThread: {Access Denied} A process has requested access to an object, but has not been granted those access rights. (0xc0000022)
[0105/214719.570:ERROR:process_reader_win.cc(123)] NtOpenThread: {Access Denied} A process has requested access to an object, but has not been granted those access rights. (0xc0000022)
[0105/214719.570:ERROR:process_reader_win.cc(123)] NtOpenThread: {Access Denied} A process has requested access to an object, but has not been granted those access rights. (0xc0000022)
[0105/214719.570:ERROR:process_reader_win.cc(123)] NtOpenThread: {Access Denied} A process has requested access to an object, but has not been granted those access rights. (0xc0000022)
[0105/214719.570:ERROR:exception_snapshot_win.cc(99)] thread ID 8580 not found in process
[0105/214719.570:ERROR:exception_snapshot_win.cc(99)] thread ID 16992 not found in process
[0105/214719.570:ERROR:exception_snapshot_win.cc(99)] thread ID 17036 not found in process
[0105/214719.570:ERROR:exception_snapshot_win.cc(99)] thread ID 11232 not found in process
[0105/214719.579:ERROR:process_reader_win.cc(123)] NtOpenThread: {Access Denied} A process has requested access to an object, but has not been granted those access rights. (0xc0000022)
[0105/214719.579:ERROR:exception_snapshot_win.cc(99)] thread ID 6024 not found in process
[0105/215857.549:ERROR:directory_reader_win.cc(43)] FindFirstFile: The system cannot find the path specified. (0x3)
[0105/220225.840:ERROR:process_reader_win.cc(123)] NtOpenThread: {Access Denied} A process has requested access to an object, but has not been granted those access rights. (0xc0000022)
[0105/220225.841:ERROR:exception_snapshot_win.cc(99)] thread ID 17416 not found in process
[0105/220225.840:ERROR:process_reader_win.cc(123)] NtOpenThread: {Access Denied} A process has requested access to an object, but has not been granted those access rights. (0xc0000022)
[0105/220225.841:ERROR:exception_snapshot_win.cc(99)] thread ID 16232 not found in process
[0105/220225.840:ERROR:process_reader_win.cc(123)] NtOpenThread: {Access Denied} A process has requested access to an object, but has not been granted those access rights. (0xc0000022)
[0105/220225.841:ERROR:exception_snapshot_win.cc(99)] thread ID 17412 not found in process
[0105/220225.840:ERROR:process_reader_win.cc(123)] NtOpenThread: {Access Denied} A process has requested access to an object, but has not been granted those access rights. (0xc0000022)
[0105/220225.841:ERROR:exception_snapshot_win.cc(99)] thread ID 16492 not found in process
[0105/220225.840:ERROR:process_reader_win.cc(123)] NtOpenThread: {Access Denied} A process has requested access to an object, but has not been granted those access rights. (0xc0000022)
[0105/220225.842:ERROR:exception_snapshot_win.cc(99)] thread ID 16484 not found in process
[0105/220225.840:ERROR:process_reader_win.cc(123)] NtOpenThread: {Access Denied} A process has requested access to an object, but has not been granted those access rights. (0xc0000022)
[0105/220225.842:ERROR:exception_snapshot_win.cc(99)] thread ID 15228 not found in process
[0105/220225.840:ERROR:process_reader_win.cc(123)] NtOpenThread: {Access Denied} A process has requested access to an object, but has not been granted those access rights. (0xc0000022)
[0105/220225.842:ERROR:exception_snapshot_win.cc(99)] thread ID 4192 not found in process
[0105/220225.859:ERROR:process_reader_win.cc(151)] SuspendThread: Access is denied. (0x5)
[0105/220225.859:ERROR:process_reader_win.cc(123)] NtOpenThread: {Access Denied} A process has requested access to an object, but has not been granted those access rights. (0xc0000022)
[0105/220225.859:ERROR:exception_snapshot_win.cc(99)] thread ID 17456 not found in process
[0105/220225.891:ERROR:process_reader_win.cc(123)] NtOpenThread: {Access Denied} A process has requested access to an object, but has not been granted those access rights. (0xc0000022)
[0105/220225.891:ERROR:process_reader_win.cc(123)] NtOpenThread: {Access Denied} A process has requested access to an object, but has not been granted those access rights. (0xc0000022)
[0105/220225.891:ERROR:process_reader_win.cc(123)] NtOpenThread: {Access Denied} A process has requested access to an object, but has not been granted those access rights. (0xc0000022)
[0105/220225.891:ERROR:process_reader_win.cc(123)] NtOpenThread: {Access Denied} A process has requested access to an object, but has not been granted those access rights. (0xc0000022)
[0105/220225.891:ERROR:process_reader_win.cc(123)] NtOpenThread: {Access Denied} A process has requested access to an object, but has not been granted those access rights. (0xc0000022)
[0105/220225.891:ERROR:process_reader_win.cc(123)] NtOpenThread: {Access Denied} A process has requested access to an object, but has not been granted those access rights. (0xc0000022)
[0105/220225.891:ERROR:process_reader_win.cc(123)] NtOpenThread: {Access Denied} A process has requested access to an object, but has not been granted those access rights. (0xc0000022)
[0105/220225.891:ERROR:exception_snapshot_win.cc(99)] thread ID 17464 not found in process
[0105/220225.891:ERROR:exception_snapshot_win.cc(99)] thread ID 17520 not found in process
[0105/220225.891:ERROR:exception_snapshot_win.cc(99)] thread ID 17500 not found in process
[0105/220225.891:ERROR:exception_snapshot_win.cc(99)] thread ID 17468 not found in process
[0105/220225.891:ERROR:exception_snapshot_win.cc(99)] thread ID 17472 not found in process
[0105/220225.891:ERROR:exception_snapshot_win.cc(99)] thread ID 17516 not found in process
[0105/220225.891:ERROR:exception_snapshot_win.cc(99)] thread ID 17568 not found in process
[0105/221214.789:ERROR:process_reader_win.cc(123)] NtOpenThread: {Access Denied} A process has requested access to an object, but has not been granted those access rights. (0xc0000022)
[0105/221214.790:ERROR:exception_snapshot_win.cc(99)] thread ID 2092 not found in process
[0105/221214.789:ERROR:process_reader_win.cc(123)] NtOpenThread: {Access Denied} A process has requested access to an object, but has not been granted those access rights. (0xc0000022)
[0105/221214.790:ERROR:exception_snapshot_win.cc(99)] thread ID 636 not found in process
[0105/221214.789:ERROR:process_reader_win.cc(123)] NtOpenThread: {Access Denied} A process has requested access to an object, but has not been granted those access rights. (0xc0000022)
[0105/221214.790:ERROR:exception_snapshot_win.cc(99)] thread ID 7504 not found in process
[0105/221214.819:ERROR:process_reader_win.cc(123)] NtOpenThread: {Access Denied} A process has requested access to an object, but has not been granted those access rights. (0xc0000022)
[0105/221214.819:ERROR:process_reader_win.cc(123)] NtOpenThread: {Access Denied} A process has requested access to an object, but has not been granted those access rights. (0xc0000022)
[0105/221214.819:ERROR:exception_snapshot_win.cc(99)] thread ID 2356 not found in process
[0105/221214.819:ERROR:exception_snapshot_win.cc(99)] thread ID 16100 not found in process
[0105/221214.821:ERROR:process_reader_win.cc(123)] NtOpenThread: {Access Denied} A process has requested access to an object, but has not been granted those access rights. (0xc0000022)
[0105/221214.821:ERROR:exception_snapshot_win.cc(99)] thread ID 16004 not found in process
[0109/201204.502:ERROR:process_reader_win.cc(123)] NtOpenThread: {Access Denied} A process has requested access to an object, but has not been granted those access rights. (0xc0000022)
[0109/201204.502:ERROR:process_reader_win.cc(123)] NtOpenThread: {Access Denied} A process has requested access to an object, but has not been granted those access rights. (0xc0000022)
[0109/201204.503:ERROR:exception_snapshot_win.cc(99)] thread ID 14812 not found in process
[0109/201204.503:ERROR:exception_snapshot_win.cc(99)] thread ID 5908 not found in process
[0109/201204.517:ERROR:process_reader_win.cc(123)] NtOpenThread: {Access Denied} A process has requested access to an object, but has not been granted those access rights. (0xc0000022)
[0109/201204.517:ERROR:exception_snapshot_win.cc(99)] thread ID 16056 not found in process
[0109/201204.527:ERROR:process_reader_win.cc(123)] NtOpenThread: {Access Denied} A process has requested access to an object, but has not been granted those access rights. (0xc0000022)
[0109/201204.527:ERROR:exception_snapshot_win.cc(99)] thread ID 15308 not found in process
[0109/201204.542:ERROR:process_reader_win.cc(123)] NtOpenThread: {Access Denied} A process has requested access to an object, but has not been granted those access rights. (0xc0000022)
[0109/201204.542:ERROR:exception_snapshot_win.cc(99)] thread ID 11108 not found in process
[0110/112957.384:ERROR:process_reader_win.cc(123)] NtOpenThread: {Access Denied} A process has requested access to an object, but has not been granted those access rights. (0xc0000022)
[0110/112957.385:ERROR:exception_snapshot_win.cc(99)] thread ID 5336 not found in process
[0110/112957.406:ERROR:process_reader_win.cc(123)] NtOpenThread: {Access Denied} A process has requested access to an object, but has not been granted those access rights. (0xc0000022)
[0110/112957.406:ERROR:exception_snapshot_win.cc(99)] thread ID 2520 not found in process
[0110/114047.769:ERROR:directory_reader_win.cc(43)] FindFirstFile: The system cannot find the path specified. (0x3)
[0110/114527.670:ERROR:directory_reader_win.cc(43)] FindFirstFile: The system cannot find the path specified. (0x3)
[0110/115744.612:ERROR:process_reader_win.cc(123)] NtOpenThread: {Access Denied} A process has requested access to an object, but has not been granted those access rights. (0xc0000022)
[0110/115744.612:ERROR:process_reader_win.cc(123)] NtOpenThread: {Access Denied} A process has requested access to an object, but has not been granted those access rights. (0xc0000022)
[0110/115744.612:ERROR:exception_snapshot_win.cc(99)] thread ID 1904 not found in process
[0110/115744.612:ERROR:exception_snapshot_win.cc(99)] thread ID 4308 not found in process
[0110/115744.612:ERROR:process_reader_win.cc(123)] NtOpenThread: {Access Denied} A process has requested access to an object, but has not been granted those access rights. (0xc0000022)
[0110/115744.612:ERROR:exception_snapshot_win.cc(99)] thread ID 5408 not found in process
[0110/115744.612:ERROR:process_reader_win.cc(123)] NtOpenThread: {Access Denied} A process has requested access to an object, but has not been granted those access rights. (0xc0000022)
[0110/115744.613:ERROR:exception_snapshot_win.cc(99)] thread ID 4476 not found in process
[0110/115744.612:ERROR:process_reader_win.cc(123)] NtOpenThread: {Access Denied} A process has requested access to an object, but has not been granted those access rights. (0xc0000022)
[0110/115744.613:ERROR:exception_snapshot_win.cc(99)] thread ID 6068 not found in process
[0110/115744.629:ERROR:process_reader_win.cc(123)] NtOpenThread: {Access Denied} A process has requested access to an object, but has not been granted those access rights. (0xc0000022)
[0110/115744.629:ERROR:exception_snapshot_win.cc(99)] thread ID 8860 not found in process
[0110/115744.645:ERROR:process_reader_win.cc(123)] NtOpenThread: {Access Denied} A process has requested access to an object, but has not been granted those access rights. (0xc0000022)
[0110/115744.645:ERROR:process_reader_win.cc(123)] NtOpenThread: {Access Denied} A process has requested access to an object, but has not been granted those access rights. (0xc0000022)
[0110/115744.645:ERROR:process_reader_win.cc(123)] NtOpenThread: {Access Denied} A process has requested access to an object, but has not been granted those access rights. (0xc0000022)
[0110/115744.645:ERROR:exception_snapshot_win.cc(99)] thread ID 4240 not found in process
[0110/115744.645:ERROR:exception_snapshot_win.cc(99)] thread ID 9844 not found in process
[0110/115744.645:ERROR:process_reader_win.cc(123)] NtOpenThread: {Access Denied} A process has requested access to an object, but has not been granted those access rights. (0xc0000022)
[0110/115744.645:ERROR:exception_snapshot_win.cc(99)] thread ID 13224 not found in process
[0110/115744.645:ERROR:exception_snapshot_win.cc(99)] thread ID 6920 not found in process
[0110/115744.655:ERROR:process_reader_win.cc(123)] NtOpenThread: {Access Denied} A process has requested access to an object, but has not been granted those access rights. (0xc0000022)
[0110/115744.655:ERROR:exception_snapshot_win.cc(99)] thread ID 13832 not found in process
[0110/120825.988:ERROR:directory_reader_win.cc(43)] FindFirstFile: The system cannot find the path specified. (0x3)
[0110/121829.914:ERROR:process_reader_win.cc(123)] NtOpenThread: {Access Denied} A process has requested access to an object, but has not been granted those access rights. (0xc0000022)
[0110/121829.914:ERROR:exception_snapshot_win.cc(99)] thread ID 17300 not found in process
[0110/121829.914:ERROR:process_reader_win.cc(123)] NtOpenThread: {Access Denied} A process has requested access to an object, but has not been granted those access rights. (0xc0000022)
[0110/121829.914:ERROR:exception_snapshot_win.cc(99)] thread ID 17292 not found in process
[0110/121829.914:ERROR:process_reader_win.cc(123)] NtOpenThread: {Access Denied} A process has requested access to an object, but has not been granted those access rights. (0xc0000022)
[0110/121829.915:ERROR:exception_snapshot_win.cc(99)] thread ID 17296 not found in process
[0110/121829.914:ERROR:process_reader_win.cc(123)] NtOpenThread: {Access Denied} A process has requested access to an object, but has not been granted those access rights. (0xc0000022)
[0110/121829.915:ERROR:exception_snapshot_win.cc(99)] thread ID 17288 not found in process
[0110/121829.914:ERROR:process_reader_win.cc(123)] NtOpenThread: {Access Denied} A process has requested access to an object, but has not been granted those access rights. (0xc0000022)
[0110/121829.915:ERROR:exception_snapshot_win.cc(99)] thread ID 17284 not found in process
[0110/121829.914:ERROR:process_reader_win.cc(123)] NtOpenThread: {Access Denied} A process has requested access to an object, but has not been granted those access rights. (0xc0000022)
[0110/121829.915:ERROR:exception_snapshot_win.cc(99)] thread ID 17280 not found in process
[0110/121829.952:ERROR:process_reader_win.cc(123)] NtOpenThread: {Access Denied} A process has requested access to an object, but has not been granted those access rights. (0xc0000022)
[0110/121829.952:ERROR:exception_snapshot_win.cc(99)] thread ID 17368 not found in process
[0110/121829.953:ERROR:process_reader_win.cc(123)] NtOpenThread: {Access Denied} A process has requested access to an object, but has not been granted those access rights. (0xc0000022)
[0110/121829.953:ERROR:exception_snapshot_win.cc(99)] thread ID 17344 not found in process
[0110/121829.953:ERROR:process_reader_win.cc(123)] NtOpenThread: {Access Denied} A process has requested access to an object, but has not been granted those access rights. (0xc0000022)
[0110/121829.953:ERROR:process_reader_win.cc(123)] NtOpenThread: {Access Denied} A process has requested access to an object, but has not been granted those access rights. (0xc0000022)
[0110/121829.953:ERROR:process_reader_win.cc(123)] NtOpenThread: {Access Denied} A process has requested access to an object, but has not been granted those access rights. (0xc0000022)
[0110/121829.953:ERROR:exception_snapshot_win.cc(99)] thread ID 17356 not found in process
[0110/121829.953:ERROR:process_reader_win.cc(123)] NtOpenThread: {Access Denied} A process has requested access to an object, but has not been granted those access rights. (0xc0000022)
[0110/121829.953:ERROR:exception_snapshot_win.cc(99)] thread ID 17336 not found in process
[0110/121829.953:ERROR:exception_snapshot_win.cc(99)] thread ID 17332 not found in process
[0110/121829.953:ERROR:exception_snapshot_win.cc(99)] thread ID 17376 not found in process
[0110/122224.563:ERROR:process_reader_win.cc(123)] NtOpenThread: {Access Denied} A process has requested access to an object, but has not been granted those access rights. (0xc0000022)
[0110/122224.564:ERROR:exception_snapshot_win.cc(99)] thread ID 16452 not found in process
[0110/122224.585:ERROR:process_reader_win.cc(123)] NtOpenThread: {Access Denied} A process has requested access to an object, but has not been granted those access rights. (0xc0000022)
[0110/122224.585:ERROR:exception_snapshot_win.cc(99)] thread ID 16508 not found in process
